

Microchip MPLAB XC8 Assembler V2.46 build 20240104201356 
                                                                                               Fri Apr 19 16:53:11 2024

Microchip MPLAB XC8 C Compiler v2.46 (Free license) build 20240104201356 Og1 
     1                           	processor	18F4580
     2                           	fnconf	rparam,??,?,0
     3                           	pagewidth 120
     4                           	opt	flic
     5                           	psect	cinit,global,reloc=2,class=CODE,delta=1
     6                           	psect	cstackCOMRAM,global,class=COMRAM,space=1,delta=1,lowdata,noexec
     7                           	psect	text0,global,reloc=2,class=CODE,delta=1
     8                           	psect	text1,global,reloc=2,class=CODE,delta=1
     9                           	psect	text2,global,reloc=2,class=CODE,delta=1
    10                           	psect	text3,global,reloc=2,class=CODE,delta=1
    11                           	psect	text4,global,reloc=2,class=CODE,delta=1
    12                           	psect	smallconst,global,reloc=2,class=SMALLCONST,delta=1,noexec
    13                           	psect	intsave_regs,global,class=BIGRAM,space=1,delta=1,noexec
    14                           	psect	rparam,global,class=COMRAM,space=1,delta=1,noexec
    15   000000                     
    16                           ; Generated 23/03/2023 GMT
    17                           ; 
    18                           ; Copyright © 2023, Microchip Technology Inc. and its subsidiaries ("Microchip")
    19                           ; All rights reserved.
    20                           ; 
    21                           ; This software is developed by Microchip Technology Inc. and its subsidiaries ("Microch
      +                          ip").
    22                           ; 
    23                           ; Redistribution and use in source and binary forms, with or without modification, are
    24                           ; permitted provided that the following conditions are met:
    25                           ; 
    26                           ;     1. Redistributions of source code must retain the above copyright notice, this lis
      +                          t of
    27                           ;        conditions and the following disclaimer.
    28                           ; 
    29                           ;     2. Redistributions in binary form must reproduce the above copyright notice, this 
      +                          list
    30                           ;        of conditions and the following disclaimer in the documentation and/or other
    31                           ;        materials provided with the distribution. Publication is not required when
    32                           ;        this file is used in an embedded application.
    33                           ; 
    34                           ;     3. Microchip's name may not be used to endorse or promote products derived from th
      +                          is
    35                           ;        software without specific prior written permission.
    36                           ; 
    37                           ; THIS SOFTWARE IS PROVIDED BY MICROCHIP "AS IS" AND ANY EXPRESS OR IMPLIED WARRANTIES,
    38                           ; INCLUDING, BUT NOT LIMITED TO, THE IMPLIED WARRANTIES OF MERCHANTABILITY AND FITNESS F
      +                          OR
    39                           ; PURPOSE ARE DISCLAIMED.  IN NO EVENT SHALL MICROCHIP BE LIABLE FOR ANY DIRECT, INDIREC
      +                          T,
    40                           ; INCIDENTAL, SPECIAL, EXEMPLARY, OR CONSEQUENTIAL DAMAGES (INCLUDING BUT NOT LIMITED TO
    41                           ; PROCUREMENT OF SUBSTITUTE GOODS OR SERVICES; LOSS OF USE, DATA OR PROFITS; OR BUSINESS
    42                           ; INTERRUPTION) HOWSOEVER CAUSED AND ON ANY THEORY OF LIABILITY, WHETHER IN CONTRACT, ST
      +                          RICT
    43                           ; LIABILITY, OR TORT (INCLUDING NEGLIGENCE OR OTHERWISE) ARISING IN ANY WAY OUT OF THE U
      +                          SE OF
    44                           ; THIS SOFTWARE, EVEN IF ADVISED OF THE POSSIBILITY OF SUCH DAMAGE.
    45                           ; 
    46                           ; 
    47                           ; Code-generator required, PIC18F4580 Definitions
    48                           ; 
    49                           ; SFR Addresses
    50   000000                     _TRISC	set	3988
    51   000000                     _TRISD	set	3989
    52   000000                     _ACKEN	set	32300
    53   000000                     _ACKDT	set	32301
    54   000000                     _RCEN	set	32299
    55   000000                     _PEN	set	32298
    56   000000                     _SEN	set	32296
    57   000000                     _TRISB	set	3987
    58   000000                     _SSPCON2	set	4037
    59   000000                     _SSPCON1	set	4038
    60   000000                     _SSPSTAT	set	4039
    61   000000                     _SSPIF	set	31987
    62   000000                     _SSPBUF	set	4041
    63   000000                     _SSPADD	set	4040
    64                           
    65                           ; #config settings
    66                           
    67                           	psect	cinit
    68   000702                     __pcinit:
    69                           	callstack 0
    70   000702                     start_initialization:
    71                           	callstack 0
    72   000702                     __initialization:
    73                           	callstack 0
    74   000702                     end_of_initialization:
    75                           	callstack 0
    76   000702                     __end_of__initialization:
    77                           	callstack 0
    78   000702  0100               	movlb	0
    79   000704  EF01  F003         	goto	_main	;jump to C main() function
    80                           
    81                           	psect	cstackCOMRAM
    82   000001                     __pcstackCOMRAM:
    83                           	callstack 0
    84   000001                     I2C_SEND_DATA@a:
    85                           	callstack 0
    86                           
    87                           ; 1 bytes @ 0x0
    88   000001                     	ds	1
    89   000002                     main@i:
    90                           	callstack 0
    91                           
    92                           ; 4 bytes @ 0x1
    93   000002                     	ds	4
    94   000006                     main@i_61:
    95                           	callstack 0
    96                           
    97                           ; 4 bytes @ 0x5
    98   000006                     	ds	4
    99                           
   100 ;;
   101 ;;Main: autosize = 0, tempsize = 0, incstack = 0, save=0
   102 ;;
   103 ;; *************** function _main *****************
   104 ;; Defined at:
   105 ;;		line 8 in file "newmain.c"
   106 ;; Parameters:    Size  Location     Type
   107 ;;		None
   108 ;; Auto vars:     Size  Location     Type
   109 ;;  i               4    5[COMRAM] long 
   110 ;;  i               4    1[COMRAM] long 
   111 ;; Return value:  Size  Location     Type
   112 ;;                  1    wreg      void 
   113 ;; Registers used:
   114 ;;		wreg, status,2, status,0, cstack
   115 ;; Tracked objects:
   116 ;;		On entry : 0/0
   117 ;;		On exit  : 0/0
   118 ;;		Unchanged: 0/0
   119 ;; Data sizes:     COMRAM   BANK0   BANK1   BANK2   BANK3   BANK4   BANK5
   120 ;;      Params:         0       0       0       0       0       0       0
   121 ;;      Locals:         8       0       0       0       0       0       0
   122 ;;      Temps:          0       0       0       0       0       0       0
   123 ;;      Totals:         8       0       0       0       0       0       0
   124 ;;Total ram usage:        8 bytes
   125 ;; Hardware stack levels required when called: 1
   126 ;; This function calls:
   127 ;;		_I2C_INIT
   128 ;;		_I2C_SEND_DATA
   129 ;;		__I2C_START
   130 ;;		__I2C_STOP
   131 ;; This function is called by:
   132 ;;		Startup code after reset
   133 ;; This function uses a non-reentrant model
   134 ;;
   135                           
   136                           	psect	text0
   137   000602                     __ptext0:
   138                           	callstack 0
   139   000602                     _main:
   140                           	callstack 30
   141   000602                     
   142                           ;newmain.c: 10: TRISB=TRISD=0x00;
   143   000602  0E00               	movlw	0
   144   000604  6E95               	movwf	149,c	;volatile
   145   000606  CF95 FF93          	movff	3989,3987	;volatile
   146                           
   147                           ;newmain.c: 11: TRISC=0x18;
   148   00060A  0E18               	movlw	24
   149   00060C  6E94               	movwf	148,c	;volatile
   150                           
   151                           ;newmain.c: 12: for(long i=0;i<100000;i++);
   152   00060E  0E00               	movlw	0
   153   000610  6E02               	movwf	main@i^0,c
   154   000612  0E00               	movlw	0
   155   000614  6E03               	movwf	(main@i+1)^0,c
   156   000616  0E00               	movlw	0
   157   000618  6E04               	movwf	(main@i+2)^0,c
   158   00061A  0E00               	movlw	0
   159   00061C  6E05               	movwf	(main@i+3)^0,c
   160   00061E                     l770:
   161   00061E  0E01               	movlw	1
   162   000620  2602               	addwf	main@i^0,f,c
   163   000622  0E00               	movlw	0
   164   000624  2203               	addwfc	(main@i+1)^0,f,c
   165   000626  2204               	addwfc	(main@i+2)^0,f,c
   166   000628  2205               	addwfc	(main@i+3)^0,f,c
   167   00062A  BE05               	btfsc	(main@i+3)^0,7,c
   168   00062C  EF25  F003         	goto	u41
   169   000630  5005               	movf	(main@i+3)^0,w,c
   170   000632  E10D               	bnz	u40
   171   000634  0EA0               	movlw	160
   172   000636  5C02               	subwf	main@i^0,w,c
   173   000638  0E86               	movlw	134
   174   00063A  5803               	subwfb	(main@i+1)^0,w,c
   175   00063C  0E01               	movlw	1
   176   00063E  5804               	subwfb	(main@i+2)^0,w,c
   177   000640  A0D8               	btfss	status,0,c
   178   000642  EF25  F003         	goto	u41
   179   000646  EF27  F003         	goto	u40
   180   00064A                     u41:
   181   00064A  EF0F  F003         	goto	l770
   182   00064E                     u40:
   183   00064E                     
   184                           ;newmain.c: 13: I2C_INIT();
   185   00064E  EC78  F003         	call	_I2C_INIT	;wreg free
   186   000652                     
   187                           ;newmain.c: 14: _I2C_START();
   188   000652  EC6F  F003         	call	__I2C_START	;wreg free
   189                           
   190                           ;newmain.c: 15: for(long i=0;i<100000;i++);
   191   000656  0E00               	movlw	0
   192   000658  6E06               	movwf	main@i_61^0,c
   193   00065A  0E00               	movlw	0
   194   00065C  6E07               	movwf	(main@i_61+1)^0,c
   195   00065E  0E00               	movlw	0
   196   000660  6E08               	movwf	(main@i_61+2)^0,c
   197   000662  0E00               	movlw	0
   198   000664  6E09               	movwf	(main@i_61+3)^0,c
   199   000666                     l780:
   200   000666  0E01               	movlw	1
   201   000668  2606               	addwf	main@i_61^0,f,c
   202   00066A  0E00               	movlw	0
   203   00066C  2207               	addwfc	(main@i_61+1)^0,f,c
   204   00066E  2208               	addwfc	(main@i_61+2)^0,f,c
   205   000670  2209               	addwfc	(main@i_61+3)^0,f,c
   206   000672  BE09               	btfsc	(main@i_61+3)^0,7,c
   207   000674  EF49  F003         	goto	u51
   208   000678  5009               	movf	(main@i_61+3)^0,w,c
   209   00067A  E10D               	bnz	u50
   210   00067C  0EA0               	movlw	160
   211   00067E  5C06               	subwf	main@i_61^0,w,c
   212   000680  0E86               	movlw	134
   213   000682  5807               	subwfb	(main@i_61+1)^0,w,c
   214   000684  0E01               	movlw	1
   215   000686  5808               	subwfb	(main@i_61+2)^0,w,c
   216   000688  A0D8               	btfss	status,0,c
   217   00068A  EF49  F003         	goto	u51
   218   00068E  EF4B  F003         	goto	u50
   219   000692                     u51:
   220   000692  EF33  F003         	goto	l780
   221   000696                     u50:
   222   000696                     
   223                           ;newmain.c: 16: I2C_SEND_DATA(0xd0);
   224   000696  0ED0               	movlw	208
   225   000698  EC5A  F003         	call	_I2C_SEND_DATA
   226                           
   227                           ;newmain.c: 17: I2C_SEND_DATA('S');
   228   00069C  0E53               	movlw	83
   229   00069E  EC5A  F003         	call	_I2C_SEND_DATA
   230                           
   231                           ;newmain.c: 18: I2C_SEND_DATA('M');
   232   0006A2  0E4D               	movlw	77
   233   0006A4  EC5A  F003         	call	_I2C_SEND_DATA
   234   0006A8                     
   235                           ;newmain.c: 19: _I2C_STOP();
   236   0006A8  EC66  F003         	call	__I2C_STOP	;wreg free
   237   0006AC                     l45:
   238   0006AC  EF56  F003         	goto	l45
   239   0006B0  EF00  F000         	goto	start
   240   0006B4                     __end_of_main:
   241                           	callstack 0
   242                           
   243 ;; *************** function __I2C_STOP *****************
   244 ;; Defined at:
   245 ;;		line 37 in file "newmain.c"
   246 ;; Parameters:    Size  Location     Type
   247 ;;		None
   248 ;; Auto vars:     Size  Location     Type
   249 ;;		None
   250 ;; Return value:  Size  Location     Type
   251 ;;                  1    wreg      void 
   252 ;; Registers used:
   253 ;;		None
   254 ;; Tracked objects:
   255 ;;		On entry : 0/0
   256 ;;		On exit  : 0/0
   257 ;;		Unchanged: 0/0
   258 ;; Data sizes:     COMRAM   BANK0   BANK1   BANK2   BANK3   BANK4   BANK5
   259 ;;      Params:         0       0       0       0       0       0       0
   260 ;;      Locals:         0       0       0       0       0       0       0
   261 ;;      Temps:          0       0       0       0       0       0       0
   262 ;;      Totals:         0       0       0       0       0       0       0
   263 ;;Total ram usage:        0 bytes
   264 ;; Hardware stack levels used: 1
   265 ;; This function calls:
   266 ;;		Nothing
   267 ;; This function is called by:
   268 ;;		_main
   269 ;; This function uses a non-reentrant model
   270 ;;
   271                           
   272                           	psect	text1
   273   0006CC                     __ptext1:
   274                           	callstack 0
   275   0006CC                     __I2C_STOP:
   276                           	callstack 30
   277   0006CC                     
   278                           ;newmain.c: 39: PEN=1;
   279   0006CC  84C5               	bsf	4037,2,c	;volatile
   280   0006CE                     l60:
   281   0006CE  B4C5               	btfsc	4037,2,c	;volatile
   282   0006D0  EF6C  F003         	goto	u31
   283   0006D4  EF6E  F003         	goto	u30
   284   0006D8                     u31:
   285   0006D8  EF67  F003         	goto	l60
   286   0006DC                     u30:
   287   0006DC  0012               	return		;funcret
   288   0006DE                     __end_of__I2C_STOP:
   289                           	callstack 0
   290                           
   291 ;; *************** function __I2C_START *****************
   292 ;; Defined at:
   293 ;;		line 31 in file "newmain.c"
   294 ;; Parameters:    Size  Location     Type
   295 ;;		None
   296 ;; Auto vars:     Size  Location     Type
   297 ;;		None
   298 ;; Return value:  Size  Location     Type
   299 ;;                  1    wreg      void 
   300 ;; Registers used:
   301 ;;		None
   302 ;; Tracked objects:
   303 ;;		On entry : 0/0
   304 ;;		On exit  : 0/0
   305 ;;		Unchanged: 0/0
   306 ;; Data sizes:     COMRAM   BANK0   BANK1   BANK2   BANK3   BANK4   BANK5
   307 ;;      Params:         0       0       0       0       0       0       0
   308 ;;      Locals:         0       0       0       0       0       0       0
   309 ;;      Temps:          0       0       0       0       0       0       0
   310 ;;      Totals:         0       0       0       0       0       0       0
   311 ;;Total ram usage:        0 bytes
   312 ;; Hardware stack levels used: 1
   313 ;; This function calls:
   314 ;;		Nothing
   315 ;; This function is called by:
   316 ;;		_main
   317 ;; This function uses a non-reentrant model
   318 ;;
   319                           
   320                           	psect	text2
   321   0006DE                     __ptext2:
   322                           	callstack 0
   323   0006DE                     __I2C_START:
   324                           	callstack 30
   325   0006DE                     
   326                           ;newmain.c: 33: SEN=1;
   327   0006DE  80C5               	bsf	4037,0,c	;volatile
   328   0006E0                     l54:
   329   0006E0  B0C5               	btfsc	4037,0,c	;volatile
   330   0006E2  EF75  F003         	goto	u11
   331   0006E6  EF77  F003         	goto	u10
   332   0006EA                     u11:
   333   0006EA  EF70  F003         	goto	l54
   334   0006EE                     u10:
   335   0006EE  0012               	return		;funcret
   336   0006F0                     __end_of__I2C_START:
   337                           	callstack 0
   338                           
   339 ;; *************** function _I2C_SEND_DATA *****************
   340 ;; Defined at:
   341 ;;		line 42 in file "newmain.c"
   342 ;; Parameters:    Size  Location     Type
   343 ;;  a               1    wreg     unsigned char 
   344 ;; Auto vars:     Size  Location     Type
   345 ;;  a               1    0[COMRAM] unsigned char 
   346 ;; Return value:  Size  Location     Type
   347 ;;                  1    wreg      void 
   348 ;; Registers used:
   349 ;;		wreg
   350 ;; Tracked objects:
   351 ;;		On entry : 0/0
   352 ;;		On exit  : 0/0
   353 ;;		Unchanged: 0/0
   354 ;; Data sizes:     COMRAM   BANK0   BANK1   BANK2   BANK3   BANK4   BANK5
   355 ;;      Params:         0       0       0       0       0       0       0
   356 ;;      Locals:         1       0       0       0       0       0       0
   357 ;;      Temps:          0       0       0       0       0       0       0
   358 ;;      Totals:         1       0       0       0       0       0       0
   359 ;;Total ram usage:        1 bytes
   360 ;; Hardware stack levels used: 1
   361 ;; This function calls:
   362 ;;		Nothing
   363 ;; This function is called by:
   364 ;;		_main
   365 ;; This function uses a non-reentrant model
   366 ;;
   367                           
   368                           	psect	text3
   369   0006B4                     __ptext3:
   370                           	callstack 0
   371   0006B4                     _I2C_SEND_DATA:
   372                           	callstack 30
   373                           
   374                           ;incstack = 0
   375                           ;I2C_SEND_DATA@a stored from wreg
   376   0006B4  6E01               	movwf	I2C_SEND_DATA@a^0,c
   377   0006B6                     
   378                           ;newmain.c: 42: void I2C_SEND_DATA(char a);newmain.c: 43: {;newmain.c: 44: SSPIF=0;
   379   0006B6  969E               	bcf	3998,3,c	;volatile
   380   0006B8                     
   381                           ;newmain.c: 45: SSPBUF=a;
   382   0006B8  C001  FFC9         	movff	I2C_SEND_DATA@a,4041	;volatile
   383   0006BC                     l66:
   384   0006BC  A69E               	btfss	3998,3,c	;volatile
   385   0006BE  EF63  F003         	goto	u21
   386   0006C2  EF65  F003         	goto	u20
   387   0006C6                     u21:
   388   0006C6  EF5E  F003         	goto	l66
   389   0006CA                     u20:
   390   0006CA  0012               	return		;funcret
   391   0006CC                     __end_of_I2C_SEND_DATA:
   392                           	callstack 0
   393                           
   394 ;; *************** function _I2C_INIT *****************
   395 ;; Defined at:
   396 ;;		line 24 in file "newmain.c"
   397 ;; Parameters:    Size  Location     Type
   398 ;;		None
   399 ;; Auto vars:     Size  Location     Type
   400 ;;		None
   401 ;; Return value:  Size  Location     Type
   402 ;;                  1    wreg      void 
   403 ;; Registers used:
   404 ;;		wreg, status,2
   405 ;; Tracked objects:
   406 ;;		On entry : 0/0
   407 ;;		On exit  : 0/0
   408 ;;		Unchanged: 0/0
   409 ;; Data sizes:     COMRAM   BANK0   BANK1   BANK2   BANK3   BANK4   BANK5
   410 ;;      Params:         0       0       0       0       0       0       0
   411 ;;      Locals:         0       0       0       0       0       0       0
   412 ;;      Temps:          0       0       0       0       0       0       0
   413 ;;      Totals:         0       0       0       0       0       0       0
   414 ;;Total ram usage:        0 bytes
   415 ;; Hardware stack levels used: 1
   416 ;; This function calls:
   417 ;;		Nothing
   418 ;; This function is called by:
   419 ;;		_main
   420 ;; This function uses a non-reentrant model
   421 ;;
   422                           
   423                           	psect	text4
   424   0006F0                     __ptext4:
   425                           	callstack 0
   426   0006F0                     _I2C_INIT:
   427                           	callstack 30
   428   0006F0                     
   429                           ;newmain.c: 26: SSPSTAT=0x00;
   430   0006F0  0E00               	movlw	0
   431   0006F2  6EC7               	movwf	199,c	;volatile
   432                           
   433                           ;newmain.c: 27: SSPCON1=0x28;
   434   0006F4  0E28               	movlw	40
   435   0006F6  6EC6               	movwf	198,c	;volatile
   436                           
   437                           ;newmain.c: 28: SSPCON2=0x00;
   438   0006F8  0E00               	movlw	0
   439   0006FA  6EC5               	movwf	197,c	;volatile
   440                           
   441                           ;newmain.c: 29: SSPADD=49;
   442   0006FC  0E31               	movlw	49
   443   0006FE  6EC8               	movwf	200,c	;volatile
   444   000700  0012               	return		;funcret
   445   000702                     __end_of_I2C_INIT:
   446                           	callstack 0
   447                           
   448                           	psect	smallconst
   449   000600                     __psmallconst:
   450                           	callstack 0
   451   000600  00                 	db	0
   452   000601  00                 	db	0	; dummy byte at the end
   453   000000                     
   454                           	psect	rparam
   455   000000                     tosu	equ	0xFFF
   456                           tosh	equ	0xFFE
   457                           tosl	equ	0xFFD
   458                           stkptr	equ	0xFFC
   459                           pclatu	equ	0xFFB
   460                           pclath	equ	0xFFA
   461                           pcl	equ	0xFF9
   462                           tblptru	equ	0xFF8
   463                           tblptrh	equ	0xFF7
   464                           tblptrl	equ	0xFF6
   465                           tablat	equ	0xFF5
   466                           prodh	equ	0xFF4
   467                           prodl	equ	0xFF3
   468                           indf0	equ	0xFEF
   469                           postinc0	equ	0xFEE
   470                           postdec0	equ	0xFED
   471                           preinc0	equ	0xFEC
   472                           plusw0	equ	0xFEB
   473                           fsr0h	equ	0xFEA
   474                           fsr0l	equ	0xFE9
   475                           wreg	equ	0xFE8
   476                           indf1	equ	0xFE7
   477                           postinc1	equ	0xFE6
   478                           postdec1	equ	0xFE5
   479                           preinc1	equ	0xFE4
   480                           plusw1	equ	0xFE3
   481                           fsr1h	equ	0xFE2
   482                           fsr1l	equ	0xFE1
   483                           bsr	equ	0xFE0
   484                           indf2	equ	0xFDF
   485                           postinc2	equ	0xFDE
   486                           postdec2	equ	0xFDD
   487                           preinc2	equ	0xFDC
   488                           plusw2	equ	0xFDB
   489                           fsr2h	equ	0xFDA
   490                           fsr2l	equ	0xFD9
   491                           status	equ	0xFD8

Data Sizes:
    Strings     0
    Constant    0
    Data        0
    BSS         0
    Persistent  0
    Stack       0

Auto Spaces:
    Space          Size  Autos    Used
    COMRAM           95      9       9
    BANK0           160      0       0
    BANK1           256      0       0
    BANK2           256      0       0
    BANK3           256      0       0
    BANK4           256      0       0
    BANK5           256      0       0

Pointer List with Targets:

    None.

Critical Paths under _main in COMRAM

    _main->_I2C_SEND_DATA

Critical Paths under _main in BANK0

    None.

Critical Paths under _main in BANK1

    None.

Critical Paths under _main in BANK2

    None.

Critical Paths under _main in BANK3

    None.

Critical Paths under _main in BANK4

    None.

Critical Paths under _main in BANK5

    None.

Call Graph Tables:

 ---------------------------------------------------------------------------------
 (Depth) Function   	        Calls       Base Space   Used Autos Params    Refs
 ---------------------------------------------------------------------------------
 (0) _main                                                 8     8      0      75
                                              1 COMRAM     8     8      0
                           _I2C_INIT
                      _I2C_SEND_DATA
                         __I2C_START
                          __I2C_STOP
 ---------------------------------------------------------------------------------
 (1) __I2C_STOP                                            0     0      0       0
 ---------------------------------------------------------------------------------
 (1) __I2C_START                                           0     0      0       0
 ---------------------------------------------------------------------------------
 (1) _I2C_SEND_DATA                                        1     1      0      15
                                              0 COMRAM     1     1      0
 ---------------------------------------------------------------------------------
 (1) _I2C_INIT                                             0     0      0       0
 ---------------------------------------------------------------------------------
 Estimated maximum stack depth 1
 ---------------------------------------------------------------------------------

 Call Graph Graphs:

 _main (ROOT)
   _I2C_INIT
   _I2C_SEND_DATA
   __I2C_START
   __I2C_STOP

 Address spaces:
Name               Size   Autos  Total    Cost      Usage
BITCOMRAM           5F      0       0       0        0.0%
EEDATA             100      0       0       0        0.0%
NULL                 0      0       0       0        0.0%
CODE                 0      0       0       0        0.0%
COMRAM              5F      9       9       1        9.5%
STACK                0      0       0       2        0.0%
DATA                 0      0       0       3        0.0%
BITBANK0            A0      0       0       4        0.0%
BANK0               A0      0       0       5        0.0%
BITBANK1           100      0       0       6        0.0%
BANK1              100      0       0       7        0.0%
BITBANK2           100      0       0       8        0.0%
BANK2              100      0       0       9        0.0%
BITBANK3           100      0       0      10        0.0%
BANK3              100      0       0      11        0.0%
BITBANK4           100      0       0      12        0.0%
BANK4              100      0       0      13        0.0%
BITBANK5           100      0       0      14        0.0%
BANK5              100      0       0      15        0.0%
BITBIGSFRhhh        36      0       0      16        0.0%
BITBIGSFRhhlh       26      0       0      17        0.0%
BITBIGSFRhhll        8      0       0      18        0.0%
BITBIGSFRl         293      0       0      19        0.0%
ABS                  0      0       0      20        0.0%
BIGRAM             5FF      0       0      21        0.0%
BIGSFR               0      0       0     200        0.0%
BITSFR_3             0      0       0     200        0.0%
SFR_3                0      0       0     200        0.0%
BITSFR_2             0      0       0     200        0.0%
SFR_2                0      0       0     200        0.0%
BITSFR_1             0      0       0     200        0.0%
SFR_1                0      0       0     200        0.0%
BITSFR               0      0       0     200        0.0%
SFR                  0      0       0     200        0.0%


Microchip Technology PIC18 Macro Assembler V2.46 build 20240104201356 
Symbol Table                                                                                   Fri Apr 19 16:53:11 2024

                     l51 0700                       l60 06CE                       l45 06AC  
                     l54 06E0                       l46 06AC                       l63 06DC  
                     l57 06EE                       l66 06BC                       l69 06CA  
                     u10 06EE                       u11 06EA                       u20 06CA  
                     u21 06C6                       u30 06DC                       u31 06D8  
                     u40 064E                       u41 064A                       u50 0696  
                     u51 0692                      l760 06B8                      l754 06F0  
                    l762 06CC                      l770 061E                      l756 06DE  
                    l780 0666                      l772 064E                      l764 0602  
                    l758 06B6                      l782 0696                      l774 0652  
                    l784 06A8                      _PEN 7E2A                      _SEN 7E28  
                   _RCEN 7E2B         __end_of_I2C_INIT 0702                     _main 0602  
                   start 0000             ___param_bank 0000                    ?_main 0001  
                  _ACKEN 7E2C                    _ACKDT 7E2D                    _TRISB 0F93  
                  _TRISC 0F94                    _TRISD 0F95                    _SSPIF 7CF3  
          _I2C_SEND_DATA 06B4                    main@i 0002                    status 0FD8  
            ?__I2C_START 0001          __initialization 0702             __end_of_main 06B4  
                 ??_main 0002            __activetblptr 0000           ?_I2C_SEND_DATA 0001  
                 _SSPADD 0FC8                   _SSPBUF 0FC9        __end_of__I2C_STOP 06DE  
                 isa$std 0001                ?_I2C_INIT 0001             __mediumconst 0000  
             __accesstop 0060  __end_of__initialization 0702            ___rparam_used 0001  
         __pcstackCOMRAM 0001          ??_I2C_SEND_DATA 0001               ??_I2C_INIT 0001  
                _SSPCON1 0FC6                  _SSPCON2 0FC5                  _SSPSTAT 0FC7  
           ??__I2C_START 0001                  __Hparam 0000                  __Lparam 0000  
           __psmallconst 0600                  __pcinit 0702                  __ramtop 0600  
                __ptext0 0602                  __ptext1 06CC                  __ptext2 06DE  
                __ptext3 06B4                  __ptext4 06F0       __end_of__I2C_START 06F0  
   end_of_initialization 0702                __I2C_STOP 06CC               ?__I2C_STOP 0001  
    start_initialization 0702    __end_of_I2C_SEND_DATA 06CC                 _I2C_INIT 06F0  
            __smallconst 0600              ??__I2C_STOP 0001                 __Hrparam 0000  
               __Lrparam 0000                 isa$xinst 0000                 main@i_61 0006  
         I2C_SEND_DATA@a 0001               __I2C_START 06DE  
