

Microchip MPLAB XC8 Assembler V2.46 build 20240104201356 
                                                                                               Thu Apr 18 16:36:10 2024

Microchip MPLAB XC8 C Compiler v2.46 (Free license) build 20240104201356 Og1 
     1                           	processor	18F4580
     2                           	fnconf	rparam,??,?,0
     3                           	pagewidth 120
     4                           	opt	flic
     5                           	psect	cinit,global,reloc=2,class=CODE,delta=1
     6                           	psect	cstackCOMRAM,global,class=COMRAM,space=1,delta=1,lowdata,noexec
     7                           	psect	text0,global,reloc=2,class=CODE,delta=1
     8                           	psect	text1,global,reloc=2,class=CODE,delta=1
     9                           	psect	text2,global,reloc=2,class=CODE,delta=1
    10                           	psect	text3,global,reloc=2,class=CODE,delta=1
    11                           	psect	text4,global,reloc=2,class=CODE,delta=1
    12                           	psect	text5,global,reloc=2,class=CODE,delta=1
    13                           	psect	text6,global,reloc=2,class=CODE,delta=1
    14                           	psect	smallconst,global,reloc=2,class=SMALLCONST,delta=1,noexec
    15                           	psect	intsave_regs,global,class=BIGRAM,space=1,delta=1,noexec
    16                           	psect	rparam,global,class=COMRAM,space=1,delta=1,noexec
    17   000000                     
    18                           ; Generated 23/03/2023 GMT
    19                           ; 
    20                           ; Copyright © 2023, Microchip Technology Inc. and its subsidiaries ("Microchip")
    21                           ; All rights reserved.
    22                           ; 
    23                           ; This software is developed by Microchip Technology Inc. and its subsidiaries ("Microch
      +                          ip").
    24                           ; 
    25                           ; Redistribution and use in source and binary forms, with or without modification, are
    26                           ; permitted provided that the following conditions are met:
    27                           ; 
    28                           ;     1. Redistributions of source code must retain the above copyright notice, this lis
      +                          t of
    29                           ;        conditions and the following disclaimer.
    30                           ; 
    31                           ;     2. Redistributions in binary form must reproduce the above copyright notice, this 
      +                          list
    32                           ;        of conditions and the following disclaimer in the documentation and/or other
    33                           ;        materials provided with the distribution. Publication is not required when
    34                           ;        this file is used in an embedded application.
    35                           ; 
    36                           ;     3. Microchip's name may not be used to endorse or promote products derived from th
      +                          is
    37                           ;        software without specific prior written permission.
    38                           ; 
    39                           ; THIS SOFTWARE IS PROVIDED BY MICROCHIP "AS IS" AND ANY EXPRESS OR IMPLIED WARRANTIES,
    40                           ; INCLUDING, BUT NOT LIMITED TO, THE IMPLIED WARRANTIES OF MERCHANTABILITY AND FITNESS F
      +                          OR
    41                           ; PURPOSE ARE DISCLAIMED.  IN NO EVENT SHALL MICROCHIP BE LIABLE FOR ANY DIRECT, INDIREC
      +                          T,
    42                           ; INCIDENTAL, SPECIAL, EXEMPLARY, OR CONSEQUENTIAL DAMAGES (INCLUDING BUT NOT LIMITED TO
    43                           ; PROCUREMENT OF SUBSTITUTE GOODS OR SERVICES; LOSS OF USE, DATA OR PROFITS; OR BUSINESS
    44                           ; INTERRUPTION) HOWSOEVER CAUSED AND ON ANY THEORY OF LIABILITY, WHETHER IN CONTRACT, ST
      +                          RICT
    45                           ; LIABILITY, OR TORT (INCLUDING NEGLIGENCE OR OTHERWISE) ARISING IN ANY WAY OUT OF THE U
      +                          SE OF
    46                           ; THIS SOFTWARE, EVEN IF ADVISED OF THE POSSIBILITY OF SUCH DAMAGE.
    47                           ; 
    48                           ; 
    49                           ; Code-generator required, PIC18F4580 Definitions
    50                           ; 
    51                           ; SFR Addresses
    52   000000                     _TXIF	set	31988
    53   000000                     _ACKEN	set	32300
    54   000000                     _ACKDT	set	32301
    55   000000                     _RCEN	set	32299
    56   000000                     _PEN	set	32298
    57   000000                     _SEN	set	32296
    58   000000                     _TRISC	set	3988
    59   000000                     _TRISD	set	3989
    60   000000                     _RCSTA	set	4011
    61   000000                     _TXSTA	set	4012
    62   000000                     _SSPIF	set	31987
    63   000000                     _TXREG	set	4013
    64   000000                     _SPBRG	set	4015
    65   000000                     _SSPCON2	set	4037
    66   000000                     _SSPCON1	set	4038
    67   000000                     _SSPSTAT	set	4039
    68   000000                     _SSPBUF	set	4041
    69   000000                     _SSPADD	set	4040
    70                           
    71                           ; #config settings
    72                           
    73                           	psect	cinit
    74   0006EA                     __pcinit:
    75                           	callstack 0
    76   0006EA                     start_initialization:
    77                           	callstack 0
    78   0006EA                     __initialization:
    79                           	callstack 0
    80   0006EA                     end_of_initialization:
    81                           	callstack 0
    82   0006EA                     __end_of__initialization:
    83                           	callstack 0
    84   0006EA  0100               	movlb	0
    85   0006EC  EF01  F003         	goto	_main	;jump to C main() function
    86                           
    87                           	psect	cstackCOMRAM
    88   000001                     __pcstackCOMRAM:
    89                           	callstack 0
    90   000001                     I2C_SEND_DATA@a:
    91                           	callstack 0
    92   000001                     I2C_READ_DATA@a:
    93                           	callstack 0
    94   000001                     TRANSMIT_CHAR@b:
    95                           	callstack 0
    96                           
    97                           ; 1 bytes @ 0x0
    98   000001                     	ds	1
    99   000002                     main@m:
   100                           	callstack 0
   101                           
   102                           ; 1 bytes @ 0x1
   103   000002                     	ds	1
   104                           
   105 ;;
   106 ;;Main: autosize = 0, tempsize = 0, incstack = 0, save=0
   107 ;;
   108 ;; *************** function _main *****************
   109 ;; Defined at:
   110 ;;		line 9 in file "newmain.c"
   111 ;; Parameters:    Size  Location     Type
   112 ;;		None
   113 ;; Auto vars:     Size  Location     Type
   114 ;;  i               2    0        int 
   115 ;;  m               1    1[COMRAM] unsigned char 
   116 ;; Return value:  Size  Location     Type
   117 ;;                  1    wreg      void 
   118 ;; Registers used:
   119 ;;		wreg, status,2, cstack
   120 ;; Tracked objects:
   121 ;;		On entry : 0/0
   122 ;;		On exit  : 0/0
   123 ;;		Unchanged: 0/0
   124 ;; Data sizes:     COMRAM   BANK0   BANK1   BANK2   BANK3   BANK4   BANK5
   125 ;;      Params:         0       0       0       0       0       0       0
   126 ;;      Locals:         1       0       0       0       0       0       0
   127 ;;      Temps:          0       0       0       0       0       0       0
   128 ;;      Totals:         1       0       0       0       0       0       0
   129 ;;Total ram usage:        1 bytes
   130 ;; Hardware stack levels required when called: 1
   131 ;; This function calls:
   132 ;;		_I2C_INIT
   133 ;;		_I2C_READ_DATA
   134 ;;		_I2C_SEND_DATA
   135 ;;		_TRANSMIT_CHAR
   136 ;;		__I2C_START
   137 ;;		__I2C_STOP
   138 ;; This function is called by:
   139 ;;		Startup code after reset
   140 ;; This function uses a non-reentrant model
   141 ;;
   142                           
   143                           	psect	text0
   144   000602                     __ptext0:
   145                           	callstack 0
   146   000602                     _main:
   147                           	callstack 30
   148   000602                     
   149                           ;newmain.c: 11:  int i;;newmain.c: 12:     TRISD=0x00;
   150   000602  0E00               	movlw	0
   151   000604  6E95               	movwf	149,c	;volatile
   152                           
   153                           ;newmain.c: 13:     TRISC=0x18;
   154   000606  0E18               	movlw	24
   155   000608  6E94               	movwf	148,c	;volatile
   156                           
   157                           ;newmain.c: 14:     TXSTA=0x24;
   158   00060A  0E24               	movlw	36
   159   00060C  6EAC               	movwf	172,c	;volatile
   160                           
   161                           ;newmain.c: 15:     RCSTA=0x90;
   162   00060E  0E90               	movlw	144
   163   000610  6EAB               	movwf	171,c	;volatile
   164                           
   165                           ;newmain.c: 16:     SPBRG=129;
   166   000612  0E81               	movlw	129
   167   000614  6EAF               	movwf	175,c	;volatile
   168   000616                     
   169                           ;newmain.c: 17:     I2C_INIT();
   170   000616  EC6C  F003         	call	_I2C_INIT	;wreg free
   171                           
   172                           ;newmain.c: 18:     _I2C_START();
   173   00061A  EC63  F003         	call	__I2C_START	;wreg free
   174   00061E                     
   175                           ;newmain.c: 19:     I2C_SEND_DATA(0xf1);
   176   00061E  0EF1               	movlw	241
   177   000620  EC4E  F003         	call	_I2C_SEND_DATA
   178   000624                     
   179                           ;newmain.c: 20:     char m=I2C_READ_DATA(0);
   180   000624  0E00               	movlw	0
   181   000626  EC26  F003         	call	_I2C_READ_DATA
   182   00062A  6E02               	movwf	main@m^0,c
   183   00062C                     
   184                           ;newmain.c: 21:     TRANSMIT_CHAR(m);
   185   00062C  5002               	movf	main@m^0,w,c
   186   00062E  EC42  F003         	call	_TRANSMIT_CHAR
   187   000632                     
   188                           ;newmain.c: 23:     m=I2C_READ_DATA(1);
   189   000632  0E01               	movlw	1
   190   000634  EC26  F003         	call	_I2C_READ_DATA
   191   000638  6E02               	movwf	main@m^0,c
   192   00063A                     
   193                           ;newmain.c: 24:     TRANSMIT_CHAR(m);
   194   00063A  5002               	movf	main@m^0,w,c
   195   00063C  EC42  F003         	call	_TRANSMIT_CHAR
   196   000640                     
   197                           ;newmain.c: 25:     _I2C_STOP();
   198   000640  EC5A  F003         	call	__I2C_STOP	;wreg free
   199   000644                     l53:
   200   000644  EF22  F003         	goto	l53
   201   000648  EF00  F000         	goto	start
   202   00064C                     __end_of_main:
   203                           	callstack 0
   204                           
   205 ;; *************** function __I2C_STOP *****************
   206 ;; Defined at:
   207 ;;		line 46 in file "newmain.c"
   208 ;; Parameters:    Size  Location     Type
   209 ;;		None
   210 ;; Auto vars:     Size  Location     Type
   211 ;;		None
   212 ;; Return value:  Size  Location     Type
   213 ;;                  1    wreg      void 
   214 ;; Registers used:
   215 ;;		None
   216 ;; Tracked objects:
   217 ;;		On entry : 0/0
   218 ;;		On exit  : 0/0
   219 ;;		Unchanged: 0/0
   220 ;; Data sizes:     COMRAM   BANK0   BANK1   BANK2   BANK3   BANK4   BANK5
   221 ;;      Params:         0       0       0       0       0       0       0
   222 ;;      Locals:         0       0       0       0       0       0       0
   223 ;;      Temps:          0       0       0       0       0       0       0
   224 ;;      Totals:         0       0       0       0       0       0       0
   225 ;;Total ram usage:        0 bytes
   226 ;; Hardware stack levels used: 1
   227 ;; This function calls:
   228 ;;		Nothing
   229 ;; This function is called by:
   230 ;;		_main
   231 ;; This function uses a non-reentrant model
   232 ;;
   233                           
   234                           	psect	text1
   235   0006B4                     __ptext1:
   236                           	callstack 0
   237   0006B4                     __I2C_STOP:
   238                           	callstack 30
   239   0006B4                     
   240                           ;newmain.c: 48: PEN=1;
   241   0006B4  84C5               	bsf	4037,2,c	;volatile
   242   0006B6                     l68:
   243   0006B6  B4C5               	btfsc	4037,2,c	;volatile
   244   0006B8  EF60  F003         	goto	u81
   245   0006BC  EF62  F003         	goto	u80
   246   0006C0                     u81:
   247   0006C0  EF5B  F003         	goto	l68
   248   0006C4                     u80:
   249   0006C4  0012               	return		;funcret
   250   0006C6                     __end_of__I2C_STOP:
   251                           	callstack 0
   252                           
   253 ;; *************** function __I2C_START *****************
   254 ;; Defined at:
   255 ;;		line 40 in file "newmain.c"
   256 ;; Parameters:    Size  Location     Type
   257 ;;		None
   258 ;; Auto vars:     Size  Location     Type
   259 ;;		None
   260 ;; Return value:  Size  Location     Type
   261 ;;                  1    wreg      void 
   262 ;; Registers used:
   263 ;;		None
   264 ;; Tracked objects:
   265 ;;		On entry : 0/0
   266 ;;		On exit  : 0/0
   267 ;;		Unchanged: 0/0
   268 ;; Data sizes:     COMRAM   BANK0   BANK1   BANK2   BANK3   BANK4   BANK5
   269 ;;      Params:         0       0       0       0       0       0       0
   270 ;;      Locals:         0       0       0       0       0       0       0
   271 ;;      Temps:          0       0       0       0       0       0       0
   272 ;;      Totals:         0       0       0       0       0       0       0
   273 ;;Total ram usage:        0 bytes
   274 ;; Hardware stack levels used: 1
   275 ;; This function calls:
   276 ;;		Nothing
   277 ;; This function is called by:
   278 ;;		_main
   279 ;; This function uses a non-reentrant model
   280 ;;
   281                           
   282                           	psect	text2
   283   0006C6                     __ptext2:
   284                           	callstack 0
   285   0006C6                     __I2C_START:
   286                           	callstack 30
   287   0006C6                     
   288                           ;newmain.c: 42: SEN=1;
   289   0006C6  80C5               	bsf	4037,0,c	;volatile
   290   0006C8                     l62:
   291   0006C8  B0C5               	btfsc	4037,0,c	;volatile
   292   0006CA  EF69  F003         	goto	u11
   293   0006CE  EF6B  F003         	goto	u10
   294   0006D2                     u11:
   295   0006D2  EF64  F003         	goto	l62
   296   0006D6                     u10:
   297   0006D6  0012               	return		;funcret
   298   0006D8                     __end_of__I2C_START:
   299                           	callstack 0
   300                           
   301 ;; *************** function _TRANSMIT_CHAR *****************
   302 ;; Defined at:
   303 ;;		line 66 in file "newmain.c"
   304 ;; Parameters:    Size  Location     Type
   305 ;;  b               1    wreg     unsigned char 
   306 ;; Auto vars:     Size  Location     Type
   307 ;;  b               1    0[COMRAM] unsigned char 
   308 ;; Return value:  Size  Location     Type
   309 ;;                  1    wreg      void 
   310 ;; Registers used:
   311 ;;		wreg
   312 ;; Tracked objects:
   313 ;;		On entry : 0/0
   314 ;;		On exit  : 0/0
   315 ;;		Unchanged: 0/0
   316 ;; Data sizes:     COMRAM   BANK0   BANK1   BANK2   BANK3   BANK4   BANK5
   317 ;;      Params:         0       0       0       0       0       0       0
   318 ;;      Locals:         1       0       0       0       0       0       0
   319 ;;      Temps:          0       0       0       0       0       0       0
   320 ;;      Totals:         1       0       0       0       0       0       0
   321 ;;Total ram usage:        1 bytes
   322 ;; Hardware stack levels used: 1
   323 ;; This function calls:
   324 ;;		Nothing
   325 ;; This function is called by:
   326 ;;		_main
   327 ;; This function uses a non-reentrant model
   328 ;;
   329                           
   330                           	psect	text3
   331   000684                     __ptext3:
   332                           	callstack 0
   333   000684                     _TRANSMIT_CHAR:
   334                           	callstack 30
   335                           
   336                           ;incstack = 0
   337                           ;TRANSMIT_CHAR@b stored from wreg
   338   000684  6E01               	movwf	TRANSMIT_CHAR@b^0,c
   339   000686                     l89:
   340   000686  A89E               	btfss	3998,4,c	;volatile
   341   000688  EF48  F003         	goto	u71
   342   00068C  EF4A  F003         	goto	u70
   343   000690                     u71:
   344   000690  EF43  F003         	goto	l89
   345   000694                     u70:
   346   000694                     
   347                           ;newmain.c: 69:     TXREG=b;
   348   000694  C001  FFAD         	movff	TRANSMIT_CHAR@b,4013	;volatile
   349   000698                     
   350                           ;newmain.c: 70:     TXIF=0;
   351   000698  989E               	bcf	3998,4,c	;volatile
   352   00069A  0012               	return		;funcret
   353   00069C                     __end_of_TRANSMIT_CHAR:
   354                           	callstack 0
   355                           
   356 ;; *************** function _I2C_SEND_DATA *****************
   357 ;; Defined at:
   358 ;;		line 51 in file "newmain.c"
   359 ;; Parameters:    Size  Location     Type
   360 ;;  a               1    wreg     unsigned char 
   361 ;; Auto vars:     Size  Location     Type
   362 ;;  a               1    0[COMRAM] unsigned char 
   363 ;; Return value:  Size  Location     Type
   364 ;;                  1    wreg      void 
   365 ;; Registers used:
   366 ;;		wreg
   367 ;; Tracked objects:
   368 ;;		On entry : 0/0
   369 ;;		On exit  : 0/0
   370 ;;		Unchanged: 0/0
   371 ;; Data sizes:     COMRAM   BANK0   BANK1   BANK2   BANK3   BANK4   BANK5
   372 ;;      Params:         0       0       0       0       0       0       0
   373 ;;      Locals:         1       0       0       0       0       0       0
   374 ;;      Temps:          0       0       0       0       0       0       0
   375 ;;      Totals:         1       0       0       0       0       0       0
   376 ;;Total ram usage:        1 bytes
   377 ;; Hardware stack levels used: 1
   378 ;; This function calls:
   379 ;;		Nothing
   380 ;; This function is called by:
   381 ;;		_main
   382 ;; This function uses a non-reentrant model
   383 ;;
   384                           
   385                           	psect	text4
   386   00069C                     __ptext4:
   387                           	callstack 0
   388   00069C                     _I2C_SEND_DATA:
   389                           	callstack 30
   390                           
   391                           ;incstack = 0
   392                           ;I2C_SEND_DATA@a stored from wreg
   393   00069C  6E01               	movwf	I2C_SEND_DATA@a^0,c
   394   00069E                     
   395                           ;newmain.c: 51: void I2C_SEND_DATA(char a);newmain.c: 52: {;newmain.c: 53: SSPIF=0;
   396   00069E  969E               	bcf	3998,3,c	;volatile
   397   0006A0                     
   398                           ;newmain.c: 54: SSPBUF=a;
   399   0006A0  C001  FFC9         	movff	I2C_SEND_DATA@a,4041	;volatile
   400   0006A4                     l74:
   401   0006A4  A69E               	btfss	3998,3,c	;volatile
   402   0006A6  EF57  F003         	goto	u21
   403   0006AA  EF59  F003         	goto	u20
   404   0006AE                     u21:
   405   0006AE  EF52  F003         	goto	l74
   406   0006B2                     u20:
   407   0006B2  0012               	return		;funcret
   408   0006B4                     __end_of_I2C_SEND_DATA:
   409                           	callstack 0
   410                           
   411 ;; *************** function _I2C_READ_DATA *****************
   412 ;; Defined at:
   413 ;;		line 57 in file "newmain.c"
   414 ;; Parameters:    Size  Location     Type
   415 ;;  a               1    wreg     unsigned char 
   416 ;; Auto vars:     Size  Location     Type
   417 ;;  a               1    0[COMRAM] unsigned char 
   418 ;; Return value:  Size  Location     Type
   419 ;;                  1    wreg      unsigned char 
   420 ;; Registers used:
   421 ;;		wreg, status,2
   422 ;; Tracked objects:
   423 ;;		On entry : 0/0
   424 ;;		On exit  : 0/0
   425 ;;		Unchanged: 0/0
   426 ;; Data sizes:     COMRAM   BANK0   BANK1   BANK2   BANK3   BANK4   BANK5
   427 ;;      Params:         0       0       0       0       0       0       0
   428 ;;      Locals:         1       0       0       0       0       0       0
   429 ;;      Temps:          0       0       0       0       0       0       0
   430 ;;      Totals:         1       0       0       0       0       0       0
   431 ;;Total ram usage:        1 bytes
   432 ;; Hardware stack levels used: 1
   433 ;; This function calls:
   434 ;;		Nothing
   435 ;; This function is called by:
   436 ;;		_main
   437 ;; This function uses a non-reentrant model
   438 ;;
   439                           
   440                           	psect	text5
   441   00064C                     __ptext5:
   442                           	callstack 0
   443   00064C                     _I2C_READ_DATA:
   444                           	callstack 30
   445                           
   446                           ;incstack = 0
   447                           ;I2C_READ_DATA@a stored from wreg
   448   00064C  6E01               	movwf	I2C_READ_DATA@a^0,c
   449   00064E                     
   450                           ;newmain.c: 57: char I2C_READ_DATA(char a);newmain.c: 58: {;newmain.c: 59: RCEN=1;
   451   00064E  86C5               	bsf	4037,3,c	;volatile
   452   000650                     l80:
   453   000650  B6C5               	btfsc	4037,3,c	;volatile
   454   000652  EF2D  F003         	goto	u31
   455   000656  EF2F  F003         	goto	u30
   456   00065A                     u31:
   457   00065A  EF28  F003         	goto	l80
   458   00065E                     u30:
   459   00065E                     
   460                           ;newmain.c: 61: ACKDT=a;
   461   00065E  B001               	btfsc	I2C_READ_DATA@a^0,0,c
   462   000660  EF34  F003         	goto	u41
   463   000664  EF37  F003         	goto	u40
   464   000668                     u41:
   465   000668  8AC5               	bsf	4037,5,c	;volatile
   466   00066A  EF38  F003         	goto	u55
   467   00066E                     u40:
   468   00066E  9AC5               	bcf	4037,5,c	;volatile
   469   000670                     u55:
   470   000670                     
   471                           ;newmain.c: 62: ACKEN=1;
   472   000670  88C5               	bsf	4037,4,c	;volatile
   473   000672                     l83:
   474   000672  B8C5               	btfsc	4037,4,c	;volatile
   475   000674  EF3E  F003         	goto	u61
   476   000678  EF40  F003         	goto	u60
   477   00067C                     u61:
   478   00067C  EF39  F003         	goto	l83
   479   000680                     u60:
   480   000680                     
   481                           ;newmain.c: 64: return SSPBUF;
   482   000680  50C9               	movf	201,w,c	;volatile
   483   000682  0012               	return		;funcret
   484   000684                     __end_of_I2C_READ_DATA:
   485                           	callstack 0
   486                           
   487 ;; *************** function _I2C_INIT *****************
   488 ;; Defined at:
   489 ;;		line 33 in file "newmain.c"
   490 ;; Parameters:    Size  Location     Type
   491 ;;		None
   492 ;; Auto vars:     Size  Location     Type
   493 ;;		None
   494 ;; Return value:  Size  Location     Type
   495 ;;                  1    wreg      void 
   496 ;; Registers used:
   497 ;;		wreg, status,2
   498 ;; Tracked objects:
   499 ;;		On entry : 0/0
   500 ;;		On exit  : 0/0
   501 ;;		Unchanged: 0/0
   502 ;; Data sizes:     COMRAM   BANK0   BANK1   BANK2   BANK3   BANK4   BANK5
   503 ;;      Params:         0       0       0       0       0       0       0
   504 ;;      Locals:         0       0       0       0       0       0       0
   505 ;;      Temps:          0       0       0       0       0       0       0
   506 ;;      Totals:         0       0       0       0       0       0       0
   507 ;;Total ram usage:        0 bytes
   508 ;; Hardware stack levels used: 1
   509 ;; This function calls:
   510 ;;		Nothing
   511 ;; This function is called by:
   512 ;;		_main
   513 ;; This function uses a non-reentrant model
   514 ;;
   515                           
   516                           	psect	text6
   517   0006D8                     __ptext6:
   518                           	callstack 0
   519   0006D8                     _I2C_INIT:
   520                           	callstack 30
   521   0006D8                     
   522                           ;newmain.c: 35: SSPSTAT=0x00;
   523   0006D8  0E00               	movlw	0
   524   0006DA  6EC7               	movwf	199,c	;volatile
   525                           
   526                           ;newmain.c: 36: SSPCON1=0x28;
   527   0006DC  0E28               	movlw	40
   528   0006DE  6EC6               	movwf	198,c	;volatile
   529                           
   530                           ;newmain.c: 37: SSPCON2=0x00;
   531   0006E0  0E00               	movlw	0
   532   0006E2  6EC5               	movwf	197,c	;volatile
   533                           
   534                           ;newmain.c: 38: SSPADD=49;
   535   0006E4  0E31               	movlw	49
   536   0006E6  6EC8               	movwf	200,c	;volatile
   537   0006E8  0012               	return		;funcret
   538   0006EA                     __end_of_I2C_INIT:
   539                           	callstack 0
   540                           
   541                           	psect	smallconst
   542   000600                     __psmallconst:
   543                           	callstack 0
   544   000600  00                 	db	0
   545   000601  00                 	db	0	; dummy byte at the end
   546   000000                     
   547                           	psect	rparam
   548   000000                     tosu	equ	0xFFF
   549                           tosh	equ	0xFFE
   550                           tosl	equ	0xFFD
   551                           stkptr	equ	0xFFC
   552                           pclatu	equ	0xFFB
   553                           pclath	equ	0xFFA
   554                           pcl	equ	0xFF9
   555                           tblptru	equ	0xFF8
   556                           tblptrh	equ	0xFF7
   557                           tblptrl	equ	0xFF6
   558                           tablat	equ	0xFF5
   559                           prodh	equ	0xFF4
   560                           prodl	equ	0xFF3
   561                           indf0	equ	0xFEF
   562                           postinc0	equ	0xFEE
   563                           postdec0	equ	0xFED
   564                           preinc0	equ	0xFEC
   565                           plusw0	equ	0xFEB
   566                           fsr0h	equ	0xFEA
   567                           fsr0l	equ	0xFE9
   568                           wreg	equ	0xFE8
   569                           indf1	equ	0xFE7
   570                           postinc1	equ	0xFE6
   571                           postdec1	equ	0xFE5
   572                           preinc1	equ	0xFE4
   573                           plusw1	equ	0xFE3
   574                           fsr1h	equ	0xFE2
   575                           fsr1l	equ	0xFE1
   576                           bsr	equ	0xFE0
   577                           indf2	equ	0xFDF
   578                           postinc2	equ	0xFDE
   579                           postdec2	equ	0xFDD
   580                           preinc2	equ	0xFDC
   581                           plusw2	equ	0xFDB
   582                           fsr2h	equ	0xFDA
   583                           fsr2l	equ	0xFD9
   584                           status	equ	0xFD8

Data Sizes:
    Strings     0
    Constant    0
    Data        0
    BSS         0
    Persistent  0
    Stack       0

Auto Spaces:
    Space          Size  Autos    Used
    COMRAM           95      2       2
    BANK0           160      0       0
    BANK1           256      0       0
    BANK2           256      0       0
    BANK3           256      0       0
    BANK4           256      0       0
    BANK5           256      0       0

Pointer List with Targets:

    None.

Critical Paths under _main in COMRAM

    _main->_I2C_READ_DATA
    _main->_I2C_SEND_DATA
    _main->_TRANSMIT_CHAR

Critical Paths under _main in BANK0

    None.

Critical Paths under _main in BANK1

    None.

Critical Paths under _main in BANK2

    None.

Critical Paths under _main in BANK3

    None.

Critical Paths under _main in BANK4

    None.

Critical Paths under _main in BANK5

    None.

Call Graph Tables:

 ---------------------------------------------------------------------------------
 (Depth) Function   	        Calls       Base Space   Used Autos Params    Refs
 ---------------------------------------------------------------------------------
 (0) _main                                                 3     3      0      75
                                              1 COMRAM     1     1      0
                           _I2C_INIT
                      _I2C_READ_DATA
                      _I2C_SEND_DATA
                      _TRANSMIT_CHAR
                         __I2C_START
                          __I2C_STOP
 ---------------------------------------------------------------------------------
 (1) __I2C_STOP                                            0     0      0       0
 ---------------------------------------------------------------------------------
 (1) __I2C_START                                           0     0      0       0
 ---------------------------------------------------------------------------------
 (1) _TRANSMIT_CHAR                                        1     1      0      15
                                              0 COMRAM     1     1      0
 ---------------------------------------------------------------------------------
 (1) _I2C_SEND_DATA                                        1     1      0      15
                                              0 COMRAM     1     1      0
 ---------------------------------------------------------------------------------
 (1) _I2C_READ_DATA                                        1     1      0      15
                                              0 COMRAM     1     1      0
 ---------------------------------------------------------------------------------
 (1) _I2C_INIT                                             0     0      0       0
 ---------------------------------------------------------------------------------
 Estimated maximum stack depth 1
 ---------------------------------------------------------------------------------

 Call Graph Graphs:

 _main (ROOT)
   _I2C_INIT
   _I2C_READ_DATA
   _I2C_SEND_DATA
   _TRANSMIT_CHAR
   __I2C_START
   __I2C_STOP

 Address spaces:
Name               Size   Autos  Total    Cost      Usage
BITCOMRAM           5F      0       0       0        0.0%
EEDATA             100      0       0       0        0.0%
NULL                 0      0       0       0        0.0%
CODE                 0      0       0       0        0.0%
COMRAM              5F      2       2       1        2.1%
STACK                0      0       0       2        0.0%
DATA                 0      0       0       3        0.0%
BITBANK0            A0      0       0       4        0.0%
BANK0               A0      0       0       5        0.0%
BITBANK1           100      0       0       6        0.0%
BANK1              100      0       0       7        0.0%
BITBANK2           100      0       0       8        0.0%
BANK2              100      0       0       9        0.0%
BITBANK3           100      0       0      10        0.0%
BANK3              100      0       0      11        0.0%
BITBANK4           100      0       0      12        0.0%
BANK4              100      0       0      13        0.0%
BITBANK5           100      0       0      14        0.0%
BANK5              100      0       0      15        0.0%
BITBIGSFRhhhh       36      0       0      16        0.0%
BITBIGSFRhhhl       15      0       0      17        0.0%
BITBIGSFRhhl         1      0       0      18        0.0%
BITBIGSFRhlh         C      0       0      19        0.0%
BITBIGSFRhll         8      0       0      20        0.0%
BITBIGSFRl         294      0       0      21        0.0%
ABS                  0      0       0      22        0.0%
BIGRAM             5FF      0       0      23        0.0%
BIGSFR               0      0       0     200        0.0%
BITSFR_3             0      0       0     200        0.0%
SFR_3                0      0       0     200        0.0%
BITSFR_2             0      0       0     200        0.0%
SFR_2                0      0       0     200        0.0%
BITSFR_1             0      0       0     200        0.0%
SFR_1                0      0       0     200        0.0%
BITSFR               0      0       0     200        0.0%
SFR                  0      0       0     200        0.0%


Microchip Technology PIC18 Macro Assembler V2.46 build 20240104201356 
Symbol Table                                                                                   Thu Apr 18 16:36:10 2024

                     l53 0644                       l62 06C8                       l54 0644  
                     l71 06C4                       l80 0650                       l65 06D6  
                     l74 06A4                       l59 06E8                       l83 0672  
                     l92 069A                       l68 06B6                       l85 0680  
                     l77 06B2                       l86 0682                       l89 0686  
                     u10 06D6                       u11 06D2                       u20 06B2  
                     u21 06AE                       u30 065E                       u31 065A  
                     u40 066E                       u41 0668                       u60 0680  
                     u61 067C                       u70 0694                       u55 0670  
                     u71 0690                       u80 06C4                       u81 06C0  
                    l800 0632                      l802 063A                      l804 0640  
                    l770 06C6                      l780 0670                      l772 069E  
                    l774 06A0                      l782 0686                      l790 0602  
                    l768 06D8                      l776 064E                      l784 0694  
                    l792 0616                      l778 065E                      l786 0698  
                    l794 061E                      l788 06B4                      l796 0624  
                    l798 062C                      _PEN 7E2A                      _SEN 7E28  
                   _RCEN 7E2B                     _TXIF 7CF4         __end_of_I2C_INIT 06EA  
                   _main 0602                     start 0000             ___param_bank 0000  
          _I2C_READ_DATA 064C                    ?_main 0001                    _ACKEN 7E2C  
                  _ACKDT 7E2D                    _RCSTA 0FAB                    _SPBRG 0FAF  
                  _TRISC 0F94                    _TRISD 0F95                    _SSPIF 7CF3  
                  _TXREG 0FAD                    _TXSTA 0FAC            _I2C_SEND_DATA 069C  
                  main@m 0002              ?__I2C_START 0001          __initialization 06EA  
           __end_of_main 064C           ?_I2C_READ_DATA 0001                   ??_main 0002  
          __activetblptr 0000           ?_I2C_SEND_DATA 0001                   _SSPADD 0FC8  
                 _SSPBUF 0FC9        __end_of__I2C_STOP 06C6                   isa$std 0001  
              ?_I2C_INIT 0001             __mediumconst 0000               __accesstop 0060  
__end_of__initialization 06EA            ___rparam_used 0001           __pcstackCOMRAM 0001  
        ??_I2C_READ_DATA 0001          ??_I2C_SEND_DATA 0001               ??_I2C_INIT 0001  
  __end_of_TRANSMIT_CHAR 069C                  _SSPCON1 0FC6                  _SSPCON2 0FC5  
                _SSPSTAT 0FC7             ??__I2C_START 0001                  __Hparam 0000  
                __Lparam 0000             __psmallconst 0600                  __pcinit 06EA  
                __ramtop 0600                  __ptext0 0602                  __ptext1 06B4  
                __ptext2 06C6                  __ptext3 0684                  __ptext4 069C  
                __ptext5 064C                  __ptext6 06D8       __end_of__I2C_START 06D8  
   end_of_initialization 06EA                __I2C_STOP 06B4               ?__I2C_STOP 0001  
    start_initialization 06EA    __end_of_I2C_READ_DATA 0684           TRANSMIT_CHAR@b 0001  
  __end_of_I2C_SEND_DATA 06B4                 _I2C_INIT 06D8              __smallconst 0600  
            ??__I2C_STOP 0001            _TRANSMIT_CHAR 0684                 __Hrparam 0000  
               __Lrparam 0000           ?_TRANSMIT_CHAR 0001           I2C_READ_DATA@a 0001  
               isa$xinst 0000           I2C_SEND_DATA@a 0001          ??_TRANSMIT_CHAR 0001  
             __I2C_START 06C6  
